VirtualBox XPCOM Server 4.3.36_Ubuntu r105129 linux.amd64 (Jan 27 2016 12:09:06) release log
00:00:00.000206 main     Log opened 2017-05-13T23:36:56.553403000Z
00:00:00.000207 main     Build Type: release
00:00:00.000211 main     OS Product: Linux
00:00:00.000212 main     OS Release: 3.13.0-117-generic
00:00:00.000212 main     OS Version: #164-Ubuntu SMP Fri Apr 7 11:05:26 UTC 2017
00:00:00.000236 main     DMI Product Name: VirtualBox
00:00:00.000241 main     DMI Product Version: 1.2
00:00:00.000308 main     Host RAM: 489MB total, 339MB available
00:00:00.000313 main     Executable: /usr/lib/virtualbox/VBoxSVC
00:00:00.000313 main     Process ID: 18598
00:00:00.000314 main     Package type: LINUX_64BITS_GENERIC (OSE)
00:00:00.106025 nspr-2   Home directory: '/home/vagrant/.config/VirtualBox'
00:00:00.114427 nspr-2   HostDnsMonitor: old information
00:00:00.114440 nspr-2     no server entries
00:00:00.114444 nspr-2     no search string entries
00:00:00.114446 nspr-2     no domain set
00:00:00.114447 nspr-2   HostDnsMonitor: new information
00:00:00.114449 nspr-2     server 1: 10.0.2.3
00:00:00.114451 nspr-2     no search string entries
00:00:00.114452 nspr-2     no domain set
00:00:00.114456 nspr-2   HostDnsMonitorProxy::notify
00:00:00.115742 nspr-2   VDInit finished
00:00:00.116152 nspr-2   ERROR [COM]: aRC=NS_ERROR_FAILURE (0x80004005) aIID={1254a96a-ae57-4484-946a-22d86c1f98af} aComponent={SystemProperties} aText={Cannot determine default Guest Additions ISO location. Most likely they are not available}, preserve=false
00:00:05.122992 Watcher  ERROR [COM]: aRC=E_ACCESSDENIED (0x80070005) aIID={fafa4e17-1ee2-4905-a10e-fe7c18bf5554} aComponent={VirtualBox} aText={The object is not ready}, preserve=false
